0 verbose cli /data/data/com.termux/files/usr/bin/node /data/data/com.termux/files/usr/bin/npm
1 info using npm@8.15.0
2 info using node@v18.7.0
3 timing npm:load:whichnode Completed in 4ms
4 timing config:load:defaults Completed in 15ms
5 timing config:load:file:/data/data/com.termux/files/usr/lib/node_modules/npm/npmrc Completed in 6ms
6 timing config:load:builtin Completed in 7ms
7 timing config:load:cli Completed in 13ms
8 timing config:load:env Completed in 4ms
9 timing config:load:file:/.npmrc Completed in 2ms
10 timing config:load:project Completed in 8ms
11 timing config:load:file:/data/data/com.termux/files/home/.npmrc Completed in 9ms
12 timing config:load:user Completed in 12ms
13 timing config:load:file:/data/data/com.termux/files/usr/etc/npmrc Completed in 2ms
14 timing config:load:global Completed in 4ms
15 timing config:load:validate Completed in 3ms
16 timing config:load:credentials Completed in 12ms
17 timing config:load:setEnvs Completed in 7ms
18 timing config:load Completed in 90ms
19 timing npm:load:configload Completed in 91ms
20 timing npm:load:mkdirpcache Completed in 6ms
21 timing npm:load:mkdirplogs Completed in 3ms
22 verbose title npm config set foreground-scripts true
23 verbose argv "config" "set" "foreground-scripts" "true"
24 timing npm:load:setTitle Completed in 7ms
25 timing config:load:flatten Completed in 16ms
26 timing npm:load:display Completed in 25ms
27 verbose logfile logs-max:10 dir:/data/data/com.termux/files/home/.npm/_logs
28 verbose logfile /data/data/com.termux/files/home/.npm/_logs/2022-09-14T03_32_16_113Z-debug-0.log
29 timing npm:load:logFile Completed in 29ms
30 timing npm:load:timers Completed in 1ms
31 timing npm:load:configScope Completed in 1ms
32 timing npm:load Completed in 173ms
33 info config set "foreground-scripts" "true"
34 silly logfile start cleaning logs, removing 1 files
35 timing config:load:flatten Completed in 3ms
36 silly logfile done cleaning log files
37 timing command:config Completed in 65ms
38 verbose exit 0
39 timing npm Completed in 291ms
40 info ok
