0 verbose cli /data/data/com.termux/files/usr/bin/node /data/data/com.termux/files/usr/bin/npm
1 info using npm@8.11.0
2 info using node@v16.16.0
3 timing npm:load:whichnode Completed in 1ms
4 timing config:load:defaults Completed in 8ms
5 timing config:load:file:/data/data/com.termux/files/usr/lib/node_modules/npm/npmrc Completed in 3ms
6 timing config:load:builtin Completed in 5ms
7 timing config:load:cli Completed in 8ms
8 timing config:load:env Completed in 2ms
9 timing config:load:file:/storage/emulated/0/Xender/folder/me/.npmrc Completed in 2ms
10 timing config:load:project Completed in 28ms
11 timing config:load:file:/data/data/com.termux/files/home/.npmrc Completed in 5ms
12 timing config:load:user Completed in 6ms
13 timing config:load:file:/data/data/com.termux/files/usr/etc/npmrc Completed in 0ms
14 timing config:load:global Completed in 2ms
15 timing config:load:validate Completed in 3ms
16 timing config:load:credentials Completed in 8ms
17 timing config:load:setEnvs Completed in 5ms
18 timing config:load Completed in 78ms
19 timing npm:load:configload Completed in 79ms
20 timing npm:load:mkdirpcache Completed in 6ms
21 timing npm:load:mkdirplogs Completed in 4ms
22 verbose title npm install
23 verbose argv "install"
24 timing npm:load:setTitle Completed in 5ms
25 timing config:load:flatten Completed in 15ms
26 timing npm:load:display Completed in 27ms
27 verbose logfile logs-max:10 dir:/data/data/com.termux/files/home/.npm/_logs
28 verbose logfile /data/data/com.termux/files/home/.npm/_logs/2022-09-13T21_23_36_096Z-debug-0.log
29 timing npm:load:logFile Completed in 51ms
30 timing npm:load:timers Completed in 1ms
31 timing npm:load:configScope Completed in 1ms
32 timing npm:load Completed in 178ms
33 timing arborist:ctor Completed in 5ms
34 silly logfile start cleaning logs, removing 1 files
35 silly logfile done cleaning log files
36 timing arborist:ctor Completed in 0ms
37 verbose shrinkwrap failed to load node_modules/.package-lock.json out of date, updated: node_modules
38 verbose shrinkwrap failed to load node_modules/.package-lock.json out of date, updated: node_modules
39 timing idealTree:init Completed in 6005ms
40 timing idealTree:userRequests Completed in 2ms
41 silly idealTree buildDeps
42 timing idealTree:#root Completed in 4ms
43 silly fetch manifest libsignal@git+https://github.com/adiwajshing/libsignal-node
44 silly placeDep node_modules/@adiwajshing/baileys libsignal@ OK for: @adiwajshing/baileys@4.1.0 want: git+https://github.com/adiwajshing/libsignal-node
45 timing idealTree:node_modules/@adiwajshing/baileys Completed in 81091ms
46 timing idealTree:node_modules/@adiwajshing/baileys/node_modules/libsignal Completed in 1ms
47 timing idealTree:buildDeps Completed in 81111ms
48 timing idealTree:fixDepFlags Completed in 126ms
49 timing idealTree Completed in 87264ms
50 timing command:install Completed in 87375ms
51 verbose stack Error: An unknown git error occurred
51 verbose stack     at makeError (/data/data/com.termux/files/usr/lib/node_modules/npm/node_modules/@npmcli/git/lib/make-error.js:28:13)
51 verbose stack     at /data/data/com.termux/files/usr/lib/node_modules/npm/node_modules/@npmcli/git/lib/spawn.js:37:26
51 verbose stack     at processTicksAndRejections (node:internal/process/task_queues:96:5)
52 verbose cwd /storage/emulated/0/Xender/folder/me
53 verbose Linux 4.9.190+
54 verbose node v16.16.0
55 verbose npm  v8.11.0
56 error code 128
57 error An unknown git error occurred
58 error command git --no-replace-objects ls-remote ssh://git@github.com/adiwajshing/libsignal-node.git
59 error ssh -oStrictHostKeyChecking=accept-new: 1: ssh: not found
59 error fatal: Could not read from remote repository.
59 error
59 error Please make sure you have the correct access rights
59 error and the repository exists.
60 verbose exit 128
61 timing npm Completed in 88212ms
62 verbose unfinished npm timer reify 1663104216875
63 verbose unfinished npm timer reify:loadTrees 1663104216955
64 verbose code 128
65 error A complete log of this run can be found in:
65 error     /data/data/com.termux/files/home/.npm/_logs/2022-09-13T21_23_36_096Z-debug-0.log
