0 verbose cli /data/data/com.termux/files/usr/bin/node /data/data/com.termux/files/usr/bin/npm
1 info using npm@8.11.0
2 info using node@v16.16.0
3 timing npm:load:whichnode Completed in 4ms
4 timing config:load:defaults Completed in 42ms
5 timing config:load:file:/data/data/com.termux/files/usr/lib/node_modules/npm/npmrc Completed in 377ms
6 timing config:load:builtin Completed in 383ms
7 timing config:load:cli Completed in 60ms
8 timing config:load:env Completed in 3ms
9 timing config:load:file:/storage/emulated/0/Xender/folder/dux/.npmrc Completed in 13ms
10 timing config:load:project Completed in 246ms
11 timing config:load:file:/data/data/com.termux/files/home/.npmrc Completed in 132ms
12 timing config:load:user Completed in 145ms
13 timing config:load:file:/data/data/com.termux/files/usr/etc/npmrc Completed in 5ms
14 timing config:load:global Completed in 25ms
15 timing config:load:validate Completed in 25ms
16 timing config:load:credentials Completed in 44ms
17 timing config:load:setEnvs Completed in 28ms
18 timing config:load Completed in 1104ms
19 timing npm:load:configload Completed in 1117ms
20 timing npm:load:mkdirpcache Completed in 83ms
21 timing npm:load:mkdirplogs Completed in 43ms
22 verbose title npm start
23 verbose argv "start"
24 timing npm:load:setTitle Completed in 72ms
25 timing config:load:flatten Completed in 91ms
26 timing npm:load:display Completed in 120ms
27 verbose logfile logs-max:10 dir:/data/data/com.termux/files/home/.npm/_logs
28 verbose logfile /data/data/com.termux/files/home/.npm/_logs/2022-09-13T11_35_01_809Z-debug-0.log
29 timing npm:load:logFile Completed in 216ms
30 timing npm:load:timers Completed in 2ms
31 timing npm:load:configScope Completed in 0ms
32 timing npm:load Completed in 1712ms
33 silly logfile start cleaning logs, removing 1 files
34 silly logfile done cleaning log files
35 timing command:run-script Completed in 21991ms
36 timing command:start Completed in 22286ms
37 verbose exit 1
38 timing npm Completed in 24280ms
39 verbose code 1
