0 verbose cli /data/data/com.termux/files/usr/bin/node /data/data/com.termux/files/usr/bin/npm
1 info using npm@8.11.0
2 info using node@v16.16.0
3 timing npm:load:whichnode Completed in 2ms
4 timing config:load:defaults Completed in 15ms
5 timing config:load:file:/data/data/com.termux/files/usr/lib/node_modules/npm/npmrc Completed in 29ms
6 timing config:load:builtin Completed in 31ms
7 timing config:load:cli Completed in 11ms
8 timing config:load:env Completed in 3ms
9 timing config:load:file:/storage/emulated/0/Xender/folder/dux/.npmrc Completed in 1ms
10 timing config:load:project Completed in 18ms
11 timing config:load:file:/data/data/com.termux/files/home/.npmrc Completed in 11ms
12 timing config:load:user Completed in 14ms
13 timing config:load:file:/data/data/com.termux/files/usr/etc/npmrc Completed in 3ms
14 timing config:load:global Completed in 5ms
15 timing config:load:validate Completed in 5ms
16 timing config:load:credentials Completed in 12ms
17 timing config:load:setEnvs Completed in 7ms
18 timing config:load Completed in 133ms
19 timing npm:load:configload Completed in 134ms
20 timing npm:load:mkdirpcache Completed in 12ms
21 timing npm:load:mkdirplogs Completed in 6ms
22 verbose title npm start
23 verbose argv "start"
24 timing npm:load:setTitle Completed in 12ms
25 timing config:load:flatten Completed in 58ms
26 timing npm:load:display Completed in 77ms
27 verbose logfile logs-max:10 dir:/data/data/com.termux/files/home/.npm/_logs
28 verbose logfile /data/data/com.termux/files/home/.npm/_logs/2022-09-13T11_35_53_674Z-debug-0.log
29 timing npm:load:logFile Completed in 61ms
30 timing npm:load:timers Completed in 1ms
31 timing npm:load:configScope Completed in 0ms
32 timing npm:load Completed in 314ms
33 silly logfile start cleaning logs, removing 1 files
34 silly logfile done cleaning log files
35 timing command:run-script Completed in 11458ms
36 timing command:start Completed in 11488ms
37 verbose exit 1
38 timing npm Completed in 11874ms
39 verbose code 1
